Generating world from seed 1507248987
The Herbivore(Whale) is None
A NoResult occurs.
The Herbivore(Whale) is None
A NoResult occurs.
The Herbivore(Hippo) is None
A NoResult occurs.
The Carnivore(Wolf) is None
A NoResult occurs.
The Herbivore(Hippo) is None
A NoResult occurs.
The Herbivore(Fish) is None
A NoResult occurs.
The Herbivore(Rabbit) is None
A NoResult occurs.
The Herbivore(Fish) is None
A NoResult occurs.
The Herbivore(Whale) is None
A NoResult occurs.
The Carnivore(Wolf) is None
A NoResult occurs.
The Herbivore(Whale) is None
A NoResult occurs.
The Carnivore(Wolf) is None
A NoResult occurs.
The Herbivore(Whale) is None
A NoResult occurs.
The Carnivore(Wolf) is None
A NoResult occurs.
The Carnivore(Alligator) is None
A NoResult occurs.
The Carnivore(Wolf) is None
A NoResult occurs.
The Herbivore(Fish) is None
A NoResult occurs.
The Herbivore(Rabbit) is None
A NoResult occurs.
The Herbivore(Whale) is None
A NoResult occurs.
The Herbivore(Whale) is Some(Go((108, 38), 10))
A NoResult occurs.
The Herbivore(Hippo) is None
A NoResult occurs.
The Carnivore(Wolf) is None
A NoResult occurs.
The Herbivore(Hippo) is None
A NoResult occurs.
The Herbivore(Fish) is None
A NoResult occurs.
The Herbivore(Rabbit) is None
A NoResult occurs.
The Herbivore(Fish) is None
A NoResult occurs.
The Herbivore(Whale) is Some(Go((102, 48), 10))
A NoResult occurs.
The Carnivore(Wolf) is None
A NoResult occurs.
The Herbivore(Whale) is None
A NoResult occurs.
The Carnivore(Wolf) is None
A NoResult occurs.
The Herbivore(Whale) is None
A NoResult occurs.
The Carnivore(Wolf) is None
A NoResult occurs.
The Carnivore(Alligator) is Some(Go((21, 15), 12))
A NoResult occurs.
The Carnivore(Wolf) is None
A NoResult occurs.
The Herbivore(Fish) is None
A NoResult occurs.
The Herbivore(Rabbit) is None
A NoResult occurs.
The Herbivore(Whale) is None
A NoResult occurs.
The Herbivore(Whale) is Some(Go((108, 38), 10))
A NoResult occurs.
The Herbivore(Hippo) is None
A NoResult occurs.
The Carnivore(Wolf) is None
A NoResult occurs.
The Herbivore(Hippo) is None
A NoResult occurs.
The Herbivore(Fish) is None
A NoResult occurs.
The Herbivore(Rabbit) is None
A NoResult occurs.
The Herbivore(Fish) is None
A NoResult occurs.
The Herbivore(Whale) is Some(Go((102, 48), 10))
A NoResult occurs.
The Carnivore(Wolf) is None
A NoResult occurs.
The Herbivore(Whale) is None
A NoResult occurs.
The Carnivore(Wolf) is None
A NoResult occurs.
The Herbivore(Whale) is None
A NoResult occurs.
The Carnivore(Wolf) is None
A NoResult occurs.
The Carnivore(Alligator) is Some(Go((21, 15), 12))
A NoResult occurs.
The Carnivore(Wolf) is None
A NoResult occurs.
The Herbivore(Fish) is None
A NoResult occurs.
The Herbivore(Rabbit) is None
A NoResult occurs.
The Herbivore(Whale) is Some(Go((108, 38), 10))
A NoResult occurs.
The Herbivore(Whale) is Some(Go((108, 38), 10))
A NoResult occurs.
The Herbivore(Hippo) is None
A NoResult occurs.
The Carnivore(Wolf) is Some(Go((12, 20), 12))
A NoResult occurs.
The Herbivore(Hippo) is None
A NoResult occurs.
The Herbivore(Fish) is None
A NoResult occurs.
The Herbivore(Rabbit) is None
A NoResult occurs.
The Herbivore(Fish) is None
A NoResult occurs.
The Herbivore(Whale) is Some(Go((102, 48), 10))
A NoResult occurs.
The Carnivore(Wolf) is None
A NoResult occurs.
The Herbivore(Whale) is Some(Go((108, 39), 10))
A NoResult occurs.
The Carnivore(Wolf) is None
A NoResult occurs.
The Herbivore(Whale) is Some(Go((108, 38), 10))
A NoResult occurs.
The Carnivore(Wolf) is Some(Go((30, 5), 12))
A NoResult occurs.
The Carnivore(Alligator) is Some(Go((21, 15), 12))
A NoResult occurs.
The Carnivore(Wolf) is None
A NoResult occurs.
The Herbivore(Fish) is None
A NoResult occurs.
The Herbivore(Rabbit) is None
A NoResult occurs.
The Herbivore(Whale) is Some(Go((108, 38), 10))
A NoResult occurs.
The Herbivore(Whale) is Some(Go((108, 38), 10))
A NoResult occurs.
The Herbivore(Hippo) is None
A NoResult occurs.
The Carnivore(Wolf) is Some(Go((12, 20), 12))
A NoResult occurs.
The Herbivore(Hippo) is None
A NoResult occurs.
The Herbivore(Fish) is None
A NoResult occurs.
The Herbivore(Rabbit) is None
A NoResult occurs.
The Herbivore(Fish) is None
A NoResult occurs.
The Herbivore(Whale) is Some(Go((102, 48), 10))
A NoResult occurs.
The Carnivore(Wolf) is None
A NoResult occurs.
The Herbivore(Whale) is Some(Go((108, 39), 10))
A NoResult occurs.
The Carnivore(Wolf) is None
A NoResult occurs.
The Herbivore(Whale) is Some(Go((108, 38), 10))
A NoResult occurs.
The Carnivore(Wolf) is Some(Go((30, 5), 12))
A NoResult occurs.
The Carnivore(Alligator) is Some(Go((21, 15), 12))
A NoResult occurs.
The Carnivore(Wolf) is None
A NoResult occurs.
The Herbivore(Fish) is None
A NoResult occurs.
The Herbivore(Rabbit) is None
A NoResult occurs.
The Herbivore(Whale) is Some(Go((108, 38), 10))
A NoResult occurs.
The Herbivore(Whale) is Some(Go((108, 38), 10))
A NoResult occurs.
The Herbivore(Hippo) is None
A NoResult occurs.
The Carnivore(Wolf) is Some(Go((12, 20), 12))
A NoResult occurs.
The Herbivore(Hippo) is None
A NoResult occurs.
The Herbivore(Fish) is None
A NoResult occurs.
The Herbivore(Rabbit) is None
A NoResult occurs.
The Herbivore(Fish) is None
A NoResult occurs.
The Herbivore(Whale) is Some(Go((102, 48), 10))
A NoResult occurs.
The Carnivore(Wolf) is None
A NoResult occurs.
The Herbivore(Whale) is Some(Go((108, 39), 10))
A NoResult occurs.
The Carnivore(Wolf) is None
A NoResult occurs.
The Herbivore(Whale) is Some(Go((108, 38), 10))
A NoResult occurs.
The Carnivore(Wolf) is Some(Go((30, 5), 12))
A NoResult occurs.
The Carnivore(Alligator) is Some(Go((21, 15), 12))
A NoResult occurs.
The Carnivore(Wolf) is None
A NoResult occurs.
The Herbivore(Fish) is None
A NoResult occurs.
The Herbivore(Rabbit) is None
A NoResult occurs.
The Herbivore(Whale) is Some(Go((108, 38), 10))
A NoResult occurs.
The Herbivore(Whale) is Some(Go((108, 38), 10))
A NoResult occurs.
The Herbivore(Hippo) is None
A NoResult occurs.
The Carnivore(Wolf) is Some(Go((12, 20), 12))
A NoResult occurs.
The Herbivore(Hippo) is None
A NoResult occurs.
The Herbivore(Fish) is None
A NoResult occurs.
The Herbivore(Rabbit) is None
A NoResult occurs.
The Herbivore(Fish) is None
A NoResult occurs.
The Herbivore(Whale) is Some(Go((102, 48), 10))
A NoResult occurs.
The Carnivore(Wolf) is None
A NoResult occurs.
The Herbivore(Whale) is Some(Go((108, 39), 10))
A NoResult occurs.
The Carnivore(Wolf) is None
A NoResult occurs.
The Herbivore(Whale) is Some(Go((108, 38), 10))
A NoResult occurs.
The Carnivore(Wolf) is Some(Go((30, 5), 12))
A NoResult occurs.
The Carnivore(Alligator) is Some(Go((21, 15), 12))
A NoResult occurs.
The Carnivore(Wolf) is None
A NoResult occurs.
The Herbivore(Fish) is None
A NoResult occurs.
The Herbivore(Rabbit) is None
A NoResult occurs.
The Herbivore(Whale) is Some(Go((108, 38), 10))
A NoResult occurs.
The Herbivore(Whale) is Some(Go((108, 38), 10))
A NoResult occurs.
The Herbivore(Hippo) is None
A NoResult occurs.
The Carnivore(Wolf) is Some(Go((12, 20), 12))
A NoResult occurs.
The Herbivore(Hippo) is None
A NoResult occurs.
The Herbivore(Fish) is None
A NoResult occurs.
The Herbivore(Rabbit) is None
A NoResult occurs.
The Herbivore(Fish) is None
A NoResult occurs.
The Herbivore(Whale) is Some(Go((102, 48), 10))
A NoResult occurs.
The Carnivore(Wolf) is None
A NoResult occurs.
The Herbivore(Whale) is Some(Go((108, 39), 10))
A NoResult occurs.
The Carnivore(Wolf) is None
A NoResult occurs.
The Herbivore(Whale) is Some(Go((108, 38), 10))
A NoResult occurs.
The Carnivore(Wolf) is Some(Go((30, 5), 12))
A NoResult occurs.
The Carnivore(Alligator) is Some(Go((21, 15), 12))
A NoResult occurs.
The Carnivore(Wolf) is None
A NoResult occurs.
The Herbivore(Fish) is None
A NoResult occurs.
The Herbivore(Rabbit) is None
A NoResult occurs.
The Herbivore(Whale) is Some(Go((108, 38), 10))
A NoResult occurs.
The Herbivore(Whale) is Some(Go((108, 38), 10))
A NoResult occurs.
The Herbivore(Hippo) is None
A NoResult occurs.
The Carnivore(Wolf) is Some(Go((12, 20), 12))
A NoResult occurs.
The Herbivore(Hippo) is None
A NoResult occurs.
The Herbivore(Fish) is None
A NoResult occurs.
The Herbivore(Rabbit) is None
A NoResult occurs.
The Herbivore(Fish) is None
A NoResult occurs.
The Herbivore(Whale) is Some(Go((102, 48), 10))
A NoResult occurs.
The Carnivore(Wolf) is None
A NoResult occurs.
The Herbivore(Whale) is Some(Go((108, 39), 10))
A NoResult occurs.
The Carnivore(Wolf) is None
A NoResult occurs.
The Herbivore(Whale) is Some(Go((108, 38), 10))
A NoResult occurs.
The Carnivore(Wolf) is Some(Go((30, 5), 12))
A NoResult occurs.
The Carnivore(Alligator) is Some(Go((21, 15), 12))
A NoResult occurs.
The Carnivore(Wolf) is None
A NoResult occurs.
The Herbivore(Fish) is None
A NoResult occurs.
The Herbivore(Rabbit) is None
A NoResult occurs.
32bits font... checking for alpha layer... present
character for ascii code 256 is colored
character for ascii code 257 is colored
character for ascii code 258 is colored
character for ascii code 259 is colored
character for ascii code 260 is colored
character for ascii code 261 is colored
character for ascii code 262 is colored
character for ascii code 263 is colored
character for ascii code 265 is colored
character for ascii code 266 is colored
character for ascii code 267 is colored
character for ascii code 269 is colored
character for ascii code 270 is colored
character for ascii code 271 is colored
character for ascii code 272 is colored
character for ascii code 273 is colored
character for ascii code 274 is colored
character for ascii code 275 is colored
character for ascii code 276 is colored
character for ascii code 277 is colored
character for ascii code 278 is colored
character for ascii code 279 is colored
character for ascii code 280 is colored
character for ascii code 281 is colored
character for ascii code 282 is colored
character for ascii code 283 is colored
character for ascii code 284 is colored
character for ascii code 285 is colored
character for ascii code 286 is colored
character for ascii code 287 is colored
character for ascii code 288 is colored
character for ascii code 289 is colored
character for ascii code 290 is colored
character for ascii code 291 is colored
character for ascii code 292 is colored
character for ascii code 293 is colored
character for ascii code 294 is colored
character for ascii code 295 is colored
character for ascii code 296 is colored
character for ascii code 297 is colored
character for ascii code 298 is colored
character for ascii code 299 is colored
character for ascii code 300 is colored
character for ascii code 301 is colored
character for ascii code 302 is colored
character for ascii code 303 is colored
character for ascii code 304 is colored
Using OPENGL renderer...
